<?xml version="1.0" encoding="UTF-8"?>
<!-- Generated by org.testng.reporters.JUnitReportReporter -->
<testsuite hostname="DESKTOP-725HS8N" failures="0" tests="1" name="testngapp.com.weblink.TestNGdemo" time="10.294" errors="0" timestamp="2025-08-01T12:49:38 IST" skipped="0">
  <testcase classname="testngapp.com.weblink.TestNGdemo" name="verifyPagetitle" time="10.294"/>
</testsuite> <!-- testngapp.com.weblink.TestNGdemo -->
