<?xml version="1.0" encoding="UTF-8"?>
<!-- Generated by org.testng.reporters.JUnitReportReporter -->
<testsuite hostname="DESKTOP-725HS8N" failures="0" tests="2" name="testngapp.com.weblink.annotationprogram2" time="0.002" errors="0" timestamp="2025-08-01T12:49:38 IST" skipped="0">
  <testcase classname="testngapp.com.weblink.annotationprogram2" name="test3" time="0.001"/>
  <testcase classname="testngapp.com.weblink.annotationprogram2" name="test4" time="0.001"/>
</testsuite> <!-- testngapp.com.weblink.annotationprogram2 -->
