<?xml version="1.0" encoding="UTF-8"?>
<!-- Generated by org.testng.reporters.JUnitReportReporter -->
<testsuite hostname="DESKTOP-725HS8N" failures="0" tests="3" name="testngapp.com.weblink.Screenshootprogram" time="8.752" errors="0" timestamp="2025-08-01T12:59:21 IST" skipped="0">
  <testcase classname="testngapp.com.weblink.Screenshootprogram" name="loginWithCorrectCredentials" time="3.539"/>
  <testcase classname="testngapp.com.weblink.Screenshootprogram" name="loginWithWrongEmail" time="2.459"/>
  <testcase classname="testngapp.com.weblink.Screenshootprogram" name="loginWithWrongPassword" time="2.754"/>
</testsuite> <!-- testngapp.com.weblink.Screenshootprogram -->
