<?xml version="1.0" encoding="UTF-8"?>
<!-- Generated by org.testng.reporters.JUnitReportReporter -->
<testsuite hostname="DESKTOP-725HS8N" failures="0" tests="2" name="testngapp.com.weblink.CurrentTestClass2" time="0.000" errors="0" timestamp="2025-08-01T12:49:38 IST" skipped="0">
  <testcase classname="testngapp.com.weblink.CurrentTestClass2" name="test2" time="0.000"/>
  <testcase classname="testngapp.com.weblink.CurrentTestClass2" name="test1" time="0.000"/>
</testsuite> <!-- testngapp.com.weblink.CurrentTestClass2 -->
