<?xml version="1.0" encoding="UTF-8"?>
<!-- Generated by org.testng.reporters.JUnitReportReporter -->
<testsuite hostname="DESKTOP-725HS8N" failures="0" tests="6" name="testngapp.com.weblink.Personal_loan" time="0.011" errors="0" timestamp="2025-08-02T11:32:48 IST" skipped="0">
  <testcase classname="testngapp.com.weblink.Personal_loan" name="mobilebase_Personal_Loan" time="0.001"/>
  <testcase classname="testngapp.com.weblink.Personal_loan" name="apibase_Personal_Loan" time="0.006"/>
  <testcase classname="testngapp.com.weblink.Personal_loan" name="webbase_Personal_Loan" time="0.001"/>
  <testcase classname="testngapp.com.weblink.Personal_loan" name="mobilebase_private_loan" time="0.001"/>
  <testcase classname="testngapp.com.weblink.Personal_loan" name="webbase_private_loan" time="0.001"/>
  <testcase classname="testngapp.com.weblink.Personal_loan" name="apibase_private_loan" time="0.001"/>
</testsuite> <!-- testngapp.com.weblink.Personal_loan -->
