<?xml version="1.0" encoding="UTF-8"?>
<!-- Generated by org.testng.reporters.JUnitReportReporter -->
<testsuite hostname="DESKTOP-725HS8N" failures="0" tests="3" name="testngapp.com.weblink.Login_pageidpass" time="6.662" errors="0" timestamp="2025-08-01T12:51:20 IST" skipped="0">
  <testcase classname="testngapp.com.weblink.Login_pageidpass" name="loginWithCorrectCredentials" time="2.214"/>
  <testcase classname="testngapp.com.weblink.Login_pageidpass" name="loginWithWrongEmail" time="2.132"/>
  <testcase classname="testngapp.com.weblink.Login_pageidpass" name="loginWithWrongPassword" time="2.316"/>
</testsuite> <!-- testngapp.com.weblink.Login_pageidpass -->
