<?xml version="1.0" encoding="UTF-8"?>
<!-- Generated by org.testng.reporters.JUnitReportReporter -->
<testsuite hostname="DESKTOP-725HS8N" failures="0" tests="3" name="testngapp.com.weblink.Data_provider" time="14.254" errors="0" timestamp="2025-08-01T14:06:17 IST" skipped="0">
  <testcase classname="testngapp.com.weblink.Data_provider" name="testLogin" time="4.597"/>
  <testcase classname="testngapp.com.weblink.Data_provider" name="testLogin" time="4.634"/>
  <testcase classname="testngapp.com.weblink.Data_provider" name="testLogin" time="5.023"/>
</testsuite> <!-- testngapp.com.weblink.Data_provider -->
